Epoch: [0][  0/391]	Time  7.178 ( 7.178)	Data  0.127 ( 0.127)	Loss 4.6105e+00 (4.6105e+00)	Acc@1   0.00 (  0.00)	Acc@5   3.12 (  3.12)
Epoch: [0][100/391]	Time  0.008 ( 0.107)	Data  0.001 ( 0.030)	Loss 4.6012e+00 (4.6075e+00)	Acc@1   0.78 (  0.91)	Acc@5   3.91 (  4.74)
Epoch: [0][200/391]	Time  0.009 ( 0.068)	Data  0.001 ( 0.026)	Loss 4.6100e+00 (4.6073e+00)	Acc@1   1.56 (  0.99)	Acc@5   3.91 (  4.96)
Epoch: [0][300/391]	Time  0.028 ( 0.054)	Data  0.024 ( 0.024)	Loss 4.6057e+00 (4.6070e+00)	Acc@1   1.56 (  0.99)	Acc@5   5.47 (  5.03)
Test: [ 0/79]		Time  0.143 ( 0.143)	Loss 4.6053e+00 (4.6053e+00) Acc@1   0.78 (  0.78)	Acc@5   6.25 (  6.25)
* Acc@1 0.990 Acc@5 5.110
Epoch: [1][  0/391] Time  0.161 ( 0.161)	Data  0.147 ( 0.147)	Loss 4.6000e+00 (4.6000e+00)	Acc@1   0.00 (  0.00)	Acc@5   7.03 (  7.03)
Epoch: [1][100/391] Time  0.052 ( 0.028)	Data  0.047 ( 0.022)	Loss 4.6089e+00 (4.6065e+00)	Acc@1   0.00 (  0.96)	Acc@5   4.69 (  5.03)
Epoch: [1][200/391] Time  0.036 ( 0.028)	Data  0.031 ( 0.021)	Loss 4.6085e+00 (4.6060e+00)	Acc@1   3.12 (  0.98)	Acc@5   4.69 (  5.24)
Epoch: [1][300/391] Time  0.010 ( 0.027)	Data  0.001 ( 0.021)	Loss 4.6030e+00 (4.6056e+00)	Acc@1   0.78 (  1.04)	Acc@5   2.34 (  5.16)
Test: [ 0/79]	     Time  0.158 ( 0.158)	Loss 4.6042e+00 (4.6042e+00) Acc@1   0.78 (  0.78)	Acc@5   5.47 (  5.47)
* Acc@1 1.000 Acc@5 5.510
Epoch: [2][  0/391] Time  0.155 ( 0.155)	Data  0.143 ( 0.143)	Loss 4.6097e+00 (4.6097e+00)	Acc@1   1.56 (  1.56)	Acc@5   4.69 (  4.69)
Epoch: [2][100/391] Time  0.012 ( 0.027)	Data  0.008 ( 0.021)	Loss 4.6127e+00 (4.6040e+00)	Acc@1   0.00 (  1.02)	Acc@5   1.56 (  5.81)
Epoch: [2][200/391] Time  0.021 ( 0.027)	Data  0.017 ( 0.021)	Loss 4.5991e+00 (4.6036e+00)	Acc@1   1.56 (  0.91)	Acc@5   9.38 (  5.80)
Epoch: [2][300/391] Time  0.031 ( 0.027)	Data  0.026 ( 0.021)	Loss 4.5994e+00 (4.6023e+00)	Acc@1   2.34 (  0.99)	Acc@5   9.38 (  5.93)
Test: [ 0/79]	      Time  0.135 ( 0.135)	Loss 4.5996e+00 (4.5996e+00) Acc@1   1.56 (  1.56)	Acc@5   3.91 (  3.91)
* Acc@1 1.440 Acc@5 6.440
Epoch: [3][  0/391] Time  0.163 ( 0.163)	Data  0.151 ( 0.151)	Loss 4.5973e+00 (4.5973e+00)	Acc@1   0.78 (  0.78)	Acc@5   4.69 (  4.69)
Epoch: [3][100/391] Time  0.035 ( 0.028)	Data  0.031 ( 0.023)	Loss 4.6007e+00 (4.5954e+00)	Acc@1   0.78 (  1.54)	Acc@5   9.38 (  6.43)
Epoch: [3][200/391] Time  0.005 ( 0.027)	Data  0.000 ( 0.022)	Loss 4.5933e+00 (4.5929e+00)	Acc@1   0.00 (  1.48)	Acc@5   3.91 (  6.61)
Epoch: [3][300/391] Time  0.008 ( 0.027)	Data  0.001 ( 0.022)	Loss 4.5690e+00 (4.5910e+00)	Acc@1   1.56 (  1.39)	Acc@5  10.16 (  6.76)
Test: [ 0/79]       Time  0.149 ( 0.149)	Loss 4.5824e+00 (4.5824e+00) Acc@1   1.56 (  1.56)	Acc@5   7.81 (  7.81)
* Acc@1 1.270 Acc@5 6.780
Epoch: [4][  0/391]	Time  0.180 ( 0.180)	Data  0.168 ( 0.168)	Loss 4.5570e+00 (4.5570e+00)	Acc@1   1.56 (  1.56)	Acc@5   7.03 (  7.03)
Epoch: [4][100/391]	Time  0.035 ( 0.027)	Data  0.030 ( 0.022)	Loss 4.5546e+00 (4.5716e+00)	Acc@1   0.00 (  1.18)	Acc@5   7.03 (  6.66)
Epoch: [4][200/391]	Time  0.009 ( 0.027)	Data  0.005 ( 0.021)	Loss 4.5445e+00 (4.5693e+00)	Acc@1   1.56 (  1.31)	Acc@5   6.25 (  6.77)
Epoch: [4][300/391]	Time  0.016 ( 0.027)	Data  0.012 ( 0.021)	Loss 4.5568e+00 (4.5655e+00)	Acc@1   1.56 (  1.40)	Acc@5   8.59 (  6.93)
Test: [ 0/79]	Time  0.138 ( 0.138)		Loss 4.5525e+00 (4.5525e+00) Acc@1   3.12 (  3.12)	Acc@5   7.81 (  7.81)
* Acc@1 1.470 Acc@5 7.590
Epoch: [5][  0/391] Time  0.162 ( 0.162)	Data  0.154 ( 0.154)	Loss 4.5758e+00 (4.5758e+00)	Acc@1   0.78 (  0.78)	Acc@5   3.91 (  3.91)
Epoch: [5][100/391] Time  0.012 ( 0.028)	Data  0.002 ( 0.022)	Loss 4.5633e+00 (4.5467e+00)	Acc@1   0.78 (  1.77)	Acc@5   8.59 (  7.80)
Epoch: [5][200/391] Time  0.038 ( 0.027)	Data  0.034 ( 0.021)	Loss 4.5321e+00 (4.5419e+00)	Acc@1   0.00 (  1.85)	Acc@5   7.03 (  7.96)
Epoch: [5][300/391] Time  0.043 ( 0.027)	Data  0.039 ( 0.021)	Loss 4.4957e+00 (4.5388e+00)	Acc@1   3.91 (  1.92)	Acc@5  11.72 (  8.09)
Test: [ 0/79]	 Time  0.148 ( 0.148)		Loss 4.5012e+00 (4.5012e+00) Acc@1   1.56 (  1.56)	Acc@5   9.38 (  9.38)
* Acc@1 2.120 Acc@5 8.770
Epoch: [6][  0/391] Time  0.149 ( 0.149)	Data  0.141 ( 0.141)	Loss 4.5528e+00 (4.5528e+00)	Acc@1   0.00 (  0.00)	Acc@5   5.47 (  5.47)
Epoch: [6][100/391] Time  0.013 ( 0.028)	Data  0.009 ( 0.022)	Loss 4.4794e+00 (4.5159e+00)	Acc@1   5.47 (  2.13)	Acc@5  10.16 (  9.03)
Epoch: [6][200/391] Time  0.044 ( 0.027)	Data  0.039 ( 0.022)	Loss 4.4785e+00 (4.5089e+00)	Acc@1   0.00 (  2.27)	Acc@5   8.59 (  9.31)
Epoch: [6][300/391] Time  0.009 ( 0.027)	Data  0.001 ( 0.021)	Loss 4.5014e+00 (4.5020e+00)	Acc@1   0.78 (  2.33)	Acc@5   5.47 (  9.61)
Test: [ 0/79]	  Time  0.160 ( 0.160)	Loss 4.4388e+00 (4.4388e+00) Acc@1   4.69 (  4.69)	Acc@5  13.28 ( 13.28)
* Acc@1 2.620 Acc@5 10.470
Epoch: [7][  0/391] Time  0.154 ( 0.154)	Data  0.140 ( 0.140)	Loss 4.4909e+00 (4.4909e+00)	Acc@1   1.56 (  1.56)	Acc@5   6.25 (  6.25)
Epoch: [7][100/391] Time  0.034 ( 0.028)	Data  0.030 ( 0.022)	Loss 4.4809e+00 (4.4640e+00)	Acc@1   2.34 (  2.56)	Acc@5   4.69 ( 10.64)
Epoch: [7][200/391] Time  0.011 ( 0.028)	Data  0.007 ( 0.022)	Loss 4.3944e+00 (4.4569e+00)	Acc@1   7.03 (  2.74)	Acc@5  17.19 ( 11.28)
Epoch: [7][300/391] Time  0.045 ( 0.027)	Data  0.040 ( 0.022)	Loss 4.5283e+00 (4.4505e+00)	Acc@1   3.91 (  2.81)	Acc@5   9.38 ( 11.53)
Test: [ 0/79]	   Time  0.133 ( 0.133)	Loss 4.3867e+00 (4.3867e+00) Acc@1   4.69 (  4.69)	Acc@5  16.41 ( 16.41)
* Acc@1 3.030 Acc@5 12.700
Epoch: [8][  0/391] Time  0.154 ( 0.154)	Data  0.145 ( 0.145)	Loss 4.4038e+00 (4.4038e+00)	Acc@1   3.12 (  3.12)	Acc@5  16.41 ( 16.41)
Epoch: [8][100/391] Time  0.010 ( 0.028)	Data  0.001 ( 0.023)	Loss 4.3835e+00 (4.4054e+00)	Acc@1   3.91 (  3.40)	Acc@5  11.72 ( 13.43)
Epoch: [8][200/391] Time  0.043 ( 0.027)	Data  0.039 ( 0.021)	Loss 4.4117e+00 (4.3966e+00)	Acc@1   4.69 (  3.54)	Acc@5  13.28 ( 13.82)
Epoch: [8][300/391] Time  0.009 ( 0.027)	Data  0.001 ( 0.021)	Loss 4.3137e+00 (4.3862e+00)	Acc@1   3.91 (  3.68)	Acc@5  16.41 ( 14.38)
Test: [ 0/79]	    Time  0.137 ( 0.137)	Loss 4.3049e+00 (4.3049e+00) Acc@1   7.03 (  7.03)	Acc@5  24.22 ( 24.22)
* Acc@1 4.330 Acc@5 16.880
Epoch: [9][  0/391] Time  0.164 ( 0.164)	Data  0.151 ( 0.151)	Loss 4.2586e+00 (4.2586e+00)	Acc@1   7.03 (  7.03)	Acc@5  21.09 ( 21.09)
Epoch: [9][100/391] Time  0.015 ( 0.028)	Data  0.011 ( 0.022)	Loss 4.4157e+00 (4.3147e+00)	Acc@1   5.47 (  4.62)	Acc@5  16.41 ( 17.47)
Epoch: [9][200/391] Time  0.051 ( 0.027)	Data  0.047 ( 0.022)	Loss 4.2295e+00 (4.3064e+00)	Acc@1   7.81 (  4.57)	Acc@5  17.97 ( 17.60)
Epoch: [9][300/391] Time  0.009 ( 0.027)	Data  0.001 ( 0.022)	Loss 4.3611e+00 (4.2898e+00)	Acc@1   3.12 (  4.81)	Acc@5  16.41 ( 18.23)
Test: [ 0/79]	     Time  0.139 ( 0.139)	Loss 4.2073e+00 (4.2073e+00) Acc@1   9.38 (  9.38)	Acc@5  25.00 ( 25.00)
* Acc@1 5.530 Acc@5 20.820
Epoch: [10][  0/391]	Time  0.167 ( 0.167)	Data  0.155 ( 0.155)	Loss 4.2773e+00 (4.2773e+00)	Acc@1   7.03 (  7.03)	Acc@5  20.31 ( 20.31)
Epoch: [10][100/391]	Time  0.040 ( 0.028)	Data  0.035 ( 0.022)	Loss 4.1360e+00 (4.2280e+00)	Acc@1   7.03 (  5.48)	Acc@5  20.31 ( 19.77)
Epoch: [10][200/391]	Time  0.005 ( 0.027)	Data  0.001 ( 0.022)	Loss 4.1933e+00 (4.2195e+00)	Acc@1   5.47 (  5.75)	Acc@5  18.75 ( 20.52)
Epoch: [10][300/391]	Time  0.037 ( 0.027)	Data  0.033 ( 0.021)	Loss 4.2317e+00 (4.2110e+00)	Acc@1   4.69 (  5.90)	Acc@5  17.19 ( 21.00)
Test: [ 0/79]		Time  0.135 ( 0.135)	Loss 4.1518e+00 (4.1518e+00) Acc@1  10.16 ( 10.16)	Acc@5  28.12 ( 28.12)
* Acc@1 6.050 Acc@5 21.820
Epoch: [11][  0/391]	Time  0.161 ( 0.161)	Data  0.146 ( 0.146)	Loss 4.2262e+00 (4.2262e+00)	Acc@1   7.81 (  7.81)	Acc@5  25.00 ( 25.00)
Epoch: [11][100/391]	Time  0.042 ( 0.028)	Data  0.038 ( 0.022)	Loss 4.1479e+00 (4.1996e+00)	Acc@1   5.47 (  6.03)	Acc@5  21.09 ( 21.31)
Epoch: [11][200/391]	Time  0.015 ( 0.028)	Data  0.011 ( 0.022)	Loss 4.1360e+00 (4.1953e+00)	Acc@1   7.81 (  6.04)	Acc@5  23.44 ( 21.30)
Epoch: [11][300/391]	Time  0.010 ( 0.027)	Data  0.001 ( 0.022)	Loss 4.1383e+00 (4.1923e+00)	Acc@1   7.03 (  6.13)	Acc@5  23.44 ( 21.36)
Test: [ 0/79]	Time  0.142 ( 0.142)		Loss 4.1416e+00 (4.1416e+00) Acc@1   8.59 (  8.59)	Acc@5  28.12 ( 28.12)
* Acc@1 6.220 Acc@5 22.230
Epoch: [12][  0/391]	Time  0.150 ( 0.150)	Data  0.140 ( 0.140)	Loss 4.1716e+00 (4.1716e+00)	Acc@1   6.25 (  6.25)	Acc@5  19.53 ( 19.53)
Epoch: [12][100/391]	Time  0.045 ( 0.028)	Data  0.041 ( 0.021)	Loss 4.2822e+00 (4.1817e+00)	Acc@1   5.47 (  6.33)	Acc@5  19.53 ( 21.90)
Epoch: [12][200/391]	Time  0.006 ( 0.027)	Data  0.001 ( 0.021)	Loss 3.9832e+00 (4.1797e+00)	Acc@1   8.59 (  6.39)	Acc@5  25.78 ( 21.86)
Epoch: [12][300/391]	Time  0.046 ( 0.027)	Data  0.041 ( 0.021)	Loss 4.1070e+00 (4.1812e+00)	Acc@1   9.38 (  6.30)	Acc@5  26.56 ( 21.71)
Test: [ 0/79]		Time  0.146 ( 0.146)	Loss 4.1208e+00 (4.1208e+00) Acc@1   9.38 (  9.38)	Acc@5  27.34 ( 27.34)
* Acc@1 6.370 Acc@5 22.500
Epoch: [13][  0/391]	Time  0.153 ( 0.153)	Data  0.141 ( 0.141)	Loss 4.2255e+00 (4.2255e+00)	Acc@1   5.47 (  5.47)	Acc@5  19.53 ( 19.53)
Epoch: [13][100/391]	Time  0.055 ( 0.028)	Data  0.050 ( 0.022)	Loss 4.1527e+00 (4.1683e+00)	Acc@1   5.47 (  6.91)	Acc@5  24.22 ( 22.35)
Epoch: [13][200/391]	Time  0.016 ( 0.032)	Data  0.012 ( 0.027)	Loss 4.3127e+00 (4.1676e+00)	Acc@1   4.69 (  6.77)	Acc@5  16.41 ( 22.26)
Epoch: [13][300/391]	Time  0.045 ( 0.030)	Data  0.040 ( 0.025)	Loss 4.1237e+00 (4.1655e+00)	Acc@1   5.47 (  6.69)	Acc@5  18.75 ( 22.25)
Test: [ 0/79]		Time  0.154 ( 0.154)	Loss 4.1061e+00 (4.1061e+00) Acc@1   8.59 (  8.59)	Acc@5  28.12 ( 28.12)
* Acc@1 6.680 Acc@5 22.870
Epoch: [14][  0/391]	Time  0.164 ( 0.164)	Data  0.149 ( 0.149)	Loss 4.1873e+00 (4.1873e+00)	Acc@1   5.47 (  5.47)	Acc@5  19.53 ( 19.53)
Epoch: [14][100/391]	Time  0.010 ( 0.028)	Data  0.003 ( 0.021)	Loss 4.1761e+00 (4.1627e+00)	Acc@1   7.03 (  6.37)	Acc@5  24.22 ( 22.12)
Epoch: [14][200/391]	Time  0.046 ( 0.027)	Data  0.042 ( 0.022)	Loss 4.2101e+00 (4.1574e+00)	Acc@1   4.69 (  6.56)	Acc@5  19.53 ( 22.68)
Epoch: [14][300/391]	Time  0.047 ( 0.027)	Data  0.043 ( 0.021)	Loss 4.1355e+00 (4.1574e+00)	Acc@1   7.81 (  6.65)	Acc@5  23.44 ( 22.63)
Test: [ 0/79]		Time  0.147 ( 0.147)	Loss 4.0962e+00 (4.0962e+00) Acc@1   8.59 (  8.59)	Acc@5  25.78 ( 25.78)
* Acc@1 6.560 Acc@5 23.120
Epoch: [15][  0/391]	Time  0.163 ( 0.163)	Data  0.151 ( 0.151)	Loss 4.2144e+00 (4.2144e+00)	Acc@1   7.03 (  7.03)	Acc@5  21.88 ( 21.88)
Epoch: [15][100/391]	Time  0.025 ( 0.028)	Data  0.020 ( 0.022)	Loss 4.0989e+00 (4.1510e+00)	Acc@1   8.59 (  6.82)	Acc@5  20.31 ( 22.73)
Epoch: [15][200/391]	Time  0.014 ( 0.027)	Data  0.011 ( 0.021)	Loss 4.1018e+00 (4.1552e+00)	Acc@1  10.94 (  6.63)	Acc@5  26.56 ( 22.50)
Epoch: [15][300/391]	Time  0.043 ( 0.027)	Data  0.039 ( 0.021)	Loss 4.0888e+00 (4.1483e+00)	Acc@1   5.47 (  6.65)	Acc@5  19.53 ( 22.53)
Test: [ 0/79]		Time  0.137 ( 0.137)	Loss 4.0763e+00 (4.0763e+00) Acc@1  10.16 ( 10.16)	Acc@5  29.69 ( 29.69)
* Acc@1 6.870 Acc@5 23.670
Epoch: [16][  0/391]	Time  0.160 ( 0.160)	Data  0.152 ( 0.152)	Loss 4.0763e+00 (4.0763e+00)	Acc@1   9.38 (  9.38)	Acc@5  25.00 ( 25.00)
Epoch: [16][100/391]	Time  0.006 ( 0.028)	Data  0.001 ( 0.022)	Loss 3.9741e+00 (4.1310e+00)	Acc@1   9.38 (  6.85)	Acc@5  28.12 ( 23.41)
Epoch: [16][200/391]	Time  0.039 ( 0.027)	Data  0.035 ( 0.022)	Loss 4.0416e+00 (4.1367e+00)	Acc@1   8.59 (  6.84)	Acc@5  28.12 ( 23.01)
Epoch: [16][300/391]	Time  0.014 ( 0.027)	Data  0.010 ( 0.021)	Loss 4.1112e+00 (4.1336e+00)	Acc@1   7.81 (  6.85)	Acc@5  19.53 ( 23.17)
Test: [ 0/79]		Time  0.152 ( 0.152)	Loss 4.0696e+00 (4.0696e+00) Acc@1   9.38 (  9.38)	Acc@5  28.91 ( 28.91)
* Acc@1 6.840 Acc@5 23.640
Epoch: [17][  0/391]	Time  0.152 ( 0.152)	Data  0.138 ( 0.138)	Loss 4.0283e+00 (4.0283e+00)	Acc@1  10.16 ( 10.16)	Acc@5  28.91 ( 28.91)
Epoch: [17][100/391]	Time  0.011 ( 0.028)	Data  0.007 ( 0.022)	Loss 4.2156e+00 (4.1265e+00)	Acc@1   7.81 (  7.00)	Acc@5  23.44 ( 23.11)
Epoch: [17][200/391]	Time  0.007 ( 0.027)	Data  0.001 ( 0.021)	Loss 4.1206e+00 (4.1264e+00)	Acc@1   7.03 (  7.00)	Acc@5  25.78 ( 23.35)
Epoch: [17][300/391]	Time  0.038 ( 0.027)	Data  0.033 ( 0.021)	Loss 4.1832e+00 (4.1248e+00)	Acc@1   7.81 (  6.94)	Acc@5  20.31 ( 23.31)
Test: [ 0/79]		Time  0.131 ( 0.131)	Loss 4.0479e+00 (4.0479e+00) Acc@1   9.38 (  9.38)	Acc@5  28.12 ( 28.12)
* Acc@1 6.950 Acc@5 24.100
Epoch: [18][  0/391]	Time  0.171 ( 0.171)	Data  0.158 ( 0.158)	Loss 4.0328e+00 (4.0328e+00)	Acc@1   6.25 (  6.25)	Acc@5  21.88 ( 21.88)
Epoch: [18][100/391]	Time  0.048 ( 0.028)	Data  0.043 ( 0.022)	Loss 4.1633e+00 (4.1265e+00)	Acc@1   7.81 (  7.10)	Acc@5  18.75 ( 23.33)
Epoch: [18][200/391]	Time  0.039 ( 0.028)	Data  0.035 ( 0.022)	Loss 4.0284e+00 (4.1169e+00)	Acc@1   6.25 (  7.26)	Acc@5  21.88 ( 23.55)
Epoch: [18][300/391]	Time  0.030 ( 0.027)	Data  0.026 ( 0.022)	Loss 4.1682e+00 (4.1138e+00)	Acc@1   1.56 (  7.30)	Acc@5  17.19 ( 23.68)
Test: [ 0/79]		Time  0.142 ( 0.142)	Loss 4.0293e+00 (4.0293e+00) Acc@1  11.72 ( 11.72)	Acc@5  31.25 ( 31.25)
* Acc@1 7.280 Acc@5 23.940
Epoch: [19][  0/391]	Time  0.162 ( 0.162)	Data  0.149 ( 0.149)	Loss 4.0950e+00 (4.0950e+00)	Acc@1  10.94 ( 10.94)	Acc@5  25.78 ( 25.78)
Epoch: [19][100/391]	Time  0.012 ( 0.028)	Data  0.001 ( 0.022)	Loss 4.0916e+00 (4.1092e+00)	Acc@1   6.25 (  7.08)	Acc@5  21.09 ( 23.92)
Epoch: [19][200/391]	Time  0.042 ( 0.027)	Data  0.038 ( 0.022)	Loss 4.1143e+00 (4.1090e+00)	Acc@1   6.25 (  7.04)	Acc@5  21.88 ( 23.64)
Epoch: [19][300/391]	Time  0.031 ( 0.027)	Data  0.026 ( 0.021)	Loss 4.0872e+00 (4.1080e+00)	Acc@1   7.03 (  7.25)	Acc@5  25.00 ( 23.82)
Test: [ 0/79]	Time  0.149 ( 0.149)	Loss 4.0327e+00 (4.0327e+00) Acc@1  10.16 ( 10.16)	Acc@5  31.25 ( 31.25)
* Acc@1 7.300 Acc@5 24.190
Epoch: [20][  0/391]	Time  0.152 ( 0.152)	Data  0.141 ( 0.141)	Loss 4.1839e+00 (4.1839e+00)	Acc@1  13.28 ( 13.28)	Acc@5  24.22 ( 24.22)
Epoch: [20][100/391]	Time  0.040 ( 0.029)	Data  0.035 ( 0.023)	Loss 4.0058e+00 (4.0996e+00)	Acc@1   3.91 (  7.58)	Acc@5  24.22 ( 24.19)
Epoch: [20][200/391]	Time  0.008 ( 0.028)	Data  0.001 ( 0.022)	Loss 4.1874e+00 (4.0961e+00)	Acc@1   6.25 (  7.57)	Acc@5  21.88 ( 24.35)
Epoch: [20][300/391]	Time  0.012 ( 0.028)	Data  0.002 ( 0.022)	Loss 4.1109e+00 (4.0957e+00)	Acc@1   6.25 (  7.45)	Acc@5  21.88 ( 24.15)
Test: [ 0/79]		Time  0.138 ( 0.138)	Loss 4.0276e+00 (4.0276e+00) Acc@1  10.94 ( 10.94)	Acc@5  28.91 ( 28.91)
* Acc@1 7.500 Acc@5 24.260
Epoch: [21][  0/391]	Time  0.165 ( 0.165)	Data  0.150 ( 0.150)	Loss 4.1197e+00 (4.1197e+00)	Acc@1   9.38 (  9.38)	Acc@5  29.69 ( 29.69)
Epoch: [21][100/391]	Time  0.011 ( 0.028)	Data  0.001 ( 0.022)	Loss 4.0087e+00 (4.0974e+00)	Acc@1   6.25 (  7.26)	Acc@5  21.09 ( 23.75)
Epoch: [21][200/391]	Time  0.037 ( 0.027)	Data  0.033 ( 0.021)	Loss 4.1434e+00 (4.0960e+00)	Acc@1   8.59 (  7.33)	Acc@5  22.66 ( 24.05)
Epoch: [21][300/391]	Time  0.023 ( 0.027)	Data  0.019 ( 0.021)	Loss 4.0950e+00 (4.0954e+00)	Acc@1   7.03 (  7.39)	Acc@5  23.44 ( 24.25)
Test: [ 0/79]		Time  0.155 ( 0.155)	Loss 4.0261e+00 (4.0261e+00) Acc@1  10.94 ( 10.94)	Acc@5  28.12 ( 28.12)
* Acc@1 7.470 Acc@5 24.270
Epoch: [22][  0/391]	Time  0.170 ( 0.170)	Data  0.162 ( 0.162)	Loss 4.0698e+00 (4.0698e+00)	Acc@1  10.16 ( 10.16)	Acc@5  25.78 ( 25.78)
Epoch: [22][100/391]	Time  0.010 ( 0.028)	Data  0.001 ( 0.022)	Loss 4.1533e+00 (4.0991e+00)	Acc@1   8.59 (  7.21)	Acc@5  21.09 ( 24.48)
Epoch: [22][200/391]	Time  0.035 ( 0.027)	Data  0.031 ( 0.022)	Loss 3.9066e+00 (4.0918e+00)	Acc@1   7.81 (  7.35)	Acc@5  24.22 ( 24.29)
Epoch: [22][300/391]	Time  0.048 ( 0.027)	Data  0.043 ( 0.022)	Loss 4.0557e+00 (4.0958e+00)	Acc@1   7.03 (  7.42)	Acc@5  27.34 ( 24.13)
Test: [ 0/79]		Time  0.134 ( 0.134)	Loss 4.0247e+00 (4.0247e+00) Acc@1  10.94 ( 10.94)	Acc@5  29.69 ( 29.69)
* Acc@1 7.460 Acc@5 24.260
Epoch: [23][  0/391]	Time  0.159 ( 0.159)	Data  0.148 ( 0.148)	Loss 4.0777e+00 (4.0777e+00)	Acc@1  10.16 ( 10.16)	Acc@5  26.56 ( 26.56)
Epoch: [23][100/391]	Time  0.006 ( 0.027)	Data  0.001 ( 0.022)	Loss 4.0109e+00 (4.0997e+00)	Acc@1   5.47 (  7.51)	Acc@5  21.09 ( 24.20)
Epoch: [23][200/391]	Time  0.012 ( 0.027)	Data  0.001 ( 0.022)	Loss 4.2825e+00 (4.1035e+00)	Acc@1   6.25 (  7.35)	Acc@5  18.75 ( 23.88)
Epoch: [23][300/391]	Time  0.011 ( 0.027)	Data  0.007 ( 0.021)	Loss 4.0898e+00 (4.0979e+00)	Acc@1   6.25 (  7.38)	Acc@5  26.56 ( 24.01)
Test: [ 0/79]		Time  0.151 ( 0.151)	Loss 4.0244e+00 (4.0244e+00) Acc@1  10.16 ( 10.16)	Acc@5  30.47 ( 30.47)
* Acc@1 7.420 Acc@5 24.350
Epoch: [24][  0/391]	Time  0.156 ( 0.156)	Data  0.146 ( 0.146)	Loss 3.9905e+00 (3.9905e+00)	Acc@1   5.47 (  5.47)	Acc@5  25.78 ( 25.78)
Epoch: [24][100/391]	Time  0.007 ( 0.028)	Data  0.001 ( 0.022)	Loss 4.1776e+00 (4.0885e+00)	Acc@1   9.38 (  7.80)	Acc@5  25.00 ( 24.79)
Epoch: [24][200/391]	Time  0.005 ( 0.027)	Data  0.001 ( 0.021)	Loss 4.0028e+00 (4.0933e+00)	Acc@1   9.38 (  7.66)	Acc@5  23.44 ( 24.47)
Epoch: [24][300/391]	Time  0.009 ( 0.027)	Data  0.001 ( 0.021)	Loss 4.0921e+00 (4.0946e+00)	Acc@1   6.25 (  7.55)	Acc@5  25.78 ( 24.21)
Test: [ 0/79]		Time  0.132 ( 0.132)	Loss 4.0235e+00 (4.0235e+00) Acc@1  10.94 ( 10.94)	Acc@5  30.47 ( 30.47)
* Acc@1 7.470 Acc@5 24.310
Epoch: [25][  0/391]	Time  0.160 ( 0.160)	Data  0.152 ( 0.152)	Loss 4.0359e+00 (4.0359e+00)	Acc@1  10.16 ( 10.16)	Acc@5  28.91 ( 28.91)
Epoch: [25][100/391]	Time  0.010 ( 0.028)	Data  0.001 ( 0.023)	Loss 4.0259e+00 (4.0939e+00)	Acc@1   8.59 (  7.22)	Acc@5  21.88 ( 24.23)
Epoch: [25][200/391]	Time  0.035 ( 0.027)	Data  0.029 ( 0.022)	Loss 4.2084e+00 (4.0971e+00)	Acc@1   8.59 (  7.33)	Acc@5  23.44 ( 24.29)
Epoch: [25][300/391]	Time  0.009 ( 0.027)	Data  0.001 ( 0.022)	Loss 4.1700e+00 (4.0932e+00)	Acc@1   6.25 (  7.38)	Acc@5  22.66 ( 24.21)
Test: [ 0/79]		Time  0.150 ( 0.150)	Loss 4.0226e+00 (4.0226e+00) Acc@1  10.94 ( 10.94)	Acc@5  29.69 ( 29.69)
* Acc@1 7.500 Acc@5 24.260
Epoch: [26][  0/391]	Time  0.156 ( 0.156)	Data  0.142 ( 0.142)	Loss 4.0073e+00 (4.0073e+00)	Acc@1   7.81 (  7.81)	Acc@5  23.44 ( 23.44)
Epoch: [26][100/391]	Time  0.044 ( 0.028)	Data  0.040 ( 0.022)	Loss 4.0671e+00 (4.1013e+00)	Acc@1  11.72 (  7.70)	Acc@5  25.00 ( 24.37)
Epoch: [26][200/391]	Time  0.040 ( 0.027)	Data  0.036 ( 0.021)	Loss 4.1638e+00 (4.0940e+00)	Acc@1   7.03 (  7.58)	Acc@5  25.00 ( 24.48)
Epoch: [26][300/391]	Time  0.088 ( 0.029)	Data  0.078 ( 0.023)	Loss 4.0463e+00 (4.0897e+00)	Acc@1   8.59 (  7.55)	Acc@5  24.22 ( 24.43)
Test: [ 0/79]		Time  0.143 ( 0.143)	Loss 4.0215e+00 (4.0215e+00) Acc@1  10.94 ( 10.94)	Acc@5  30.47 ( 30.47)
* Acc@1 7.550 Acc@5 24.260
Epoch: [27][  0/391]	Time  0.153 ( 0.153)	Data  0.145 ( 0.145)	Loss 4.1597e+00 (4.1597e+00)	Acc@1   7.03 (  7.03)	Acc@5  25.78 ( 25.78)
Epoch: [27][100/391]	Time  0.045 ( 0.029)	Data  0.041 ( 0.023)	Loss 4.1067e+00 (4.0886e+00)	Acc@1   5.47 (  7.87)	Acc@5  28.91 ( 24.76)
Epoch: [27][200/391]	Time  0.032 ( 0.028)	Data  0.028 ( 0.022)	Loss 4.1889e+00 (4.0881e+00)	Acc@1   8.59 (  7.63)	Acc@5  20.31 ( 24.56)
Epoch: [27][300/391]	Time  0.039 ( 0.027)	Data  0.035 ( 0.022)	Loss 4.0916e+00 (4.0890e+00)	Acc@1   6.25 (  7.60)	Acc@5  23.44 ( 24.52)
Test: [ 0/79]	Time  0.154 ( 0.154)		Loss 4.0199e+00 (4.0199e+00) Acc@1  10.94 ( 10.94)	Acc@5  30.47 ( 30.47)
* Acc@1 7.630 Acc@5 24.320
Epoch: [28][  0/391]	Time  0.162 ( 0.162)	Data  0.146 ( 0.146)	Loss 4.1050e+00 (4.1050e+00)	Acc@1  13.28 ( 13.28)	Acc@5  29.69 ( 29.69)
Epoch: [28][100/391]	Time  0.012 ( 0.028)	Data  0.001 ( 0.022)	Loss 3.9925e+00 (4.0843e+00)	Acc@1   9.38 (  7.63)	Acc@5  30.47 ( 25.09)
Epoch: [28][200/391]	Time  0.015 ( 0.027)	Data  0.005 ( 0.022)	Loss 3.9639e+00 (4.0817e+00)	Acc@1   8.59 (  7.69)	Acc@5  32.03 ( 24.83)
Epoch: [28][300/391]	Time  0.012 ( 0.027)	Data  0.007 ( 0.021)	Loss 4.1527e+00 (4.0881e+00)	Acc@1   4.69 (  7.55)	Acc@5  27.34 ( 24.49)
Test: [ 0/79]		Time  0.148 ( 0.148)	Loss 4.0198e+00 (4.0198e+00) Acc@1  10.94 ( 10.94)	Acc@5  29.69 ( 29.69)
* Acc@1 7.590 Acc@5 24.340
Epoch: [29][  0/391]	Time  0.160 ( 0.160)	Data  0.145 ( 0.145)	Loss 4.1776e+00 (4.1776e+00)	Acc@1   8.59 (  8.59)	Acc@5  24.22 ( 24.22)
Epoch: [29][100/391]	Time  0.049 ( 0.028)	Data  0.045 ( 0.022)	Loss 4.0758e+00 (4.0820e+00)	Acc@1   8.59 (  7.50)	Acc@5  28.12 ( 25.21)
Epoch: [29][200/391]	Time  0.037 ( 0.027)	Data  0.032 ( 0.022)	Loss 3.9893e+00 (4.0847e+00)	Acc@1   9.38 (  7.59)	Acc@5  28.91 ( 24.79)
Epoch: [29][300/391]	Time  0.053 ( 0.027)	Data  0.048 ( 0.022)	Loss 4.0987e+00 (4.0863e+00)	Acc@1   8.59 (  7.47)	Acc@5  25.78 ( 24.56)
Test: [ 0/79]		Time  0.141 ( 0.141)	Loss 4.0190e+00 (4.0190e+00) Acc@1  10.94 ( 10.94)	Acc@5  29.69 ( 29.69)
* Acc@1 7.600 Acc@5 24.340
Epoch: [30][  0/391]	Time  0.148 ( 0.148)	Data  0.141 ( 0.141)	Loss 4.0572e+00 (4.0572e+00)	Acc@1   6.25 (  6.25)	Acc@5  18.75 ( 18.75)
Epoch: [30][100/391]	Time  0.008 ( 0.028)	Data  0.004 ( 0.022)	Loss 4.2812e+00 (4.0787e+00)	Acc@1   8.59 (  7.57)	Acc@5  25.78 ( 24.99)
Epoch: [30][200/391]	Time  0.010 ( 0.027)	Data  0.007 ( 0.022)	Loss 4.0559e+00 (4.0823e+00)	Acc@1   6.25 (  7.56)	Acc@5  23.44 ( 24.78)
Epoch: [30][300/391]	Time  0.032 ( 0.027)	Data  0.028 ( 0.021)	Loss 4.0764e+00 (4.0833e+00)	Acc@1  12.50 (  7.49)	Acc@5  28.12 ( 24.58)
Test: [ 0/79]		Time  0.149 ( 0.149)	Loss 4.0189e+00 (4.0189e+00) Acc@1  10.94 ( 10.94)	Acc@5  29.69 ( 29.69)
* Acc@1 7.620 Acc@5 24.360
Epoch: [31][  0/391]	Time  0.184 ( 0.184)	Data  0.174 ( 0.174)	Loss 4.1065e+00 (4.1065e+00)	Acc@1   7.03 (  7.03)	Acc@5  24.22 ( 24.22)
Epoch: [31][100/391]	Time  0.047 ( 0.029)	Data  0.043 ( 0.023)	Loss 3.9956e+00 (4.0849e+00)	Acc@1   7.81 (  7.50)	Acc@5  24.22 ( 24.30)
Epoch: [31][200/391]	Time  0.018 ( 0.028)	Data  0.014 ( 0.022)	Loss 4.0896e+00 (4.0873e+00)	Acc@1   9.38 (  7.48)	Acc@5  22.66 ( 24.27)
Epoch: [31][300/391]	Time  0.005 ( 0.027)	Data  0.001 ( 0.021)	Loss 4.1220e+00 (4.0844e+00)	Acc@1  10.94 (  7.62)	Acc@5  28.91 ( 24.42)
Test: [ 0/79]		Time  0.166 ( 0.166)	Loss 4.0187e+00 (4.0187e+00) Acc@1  10.94 ( 10.94)	Acc@5  29.69 ( 29.69)
* Acc@1 7.610 Acc@5 24.360
Epoch: [32][  0/391]	Time  0.168 ( 0.168)	Data  0.155 ( 0.155)	Loss 4.1182e+00 (4.1182e+00)	Acc@1   7.81 (  7.81)	Acc@5  23.44 ( 23.44)
Epoch: [32][100/391]	Time  0.006 ( 0.028)	Data  0.001 ( 0.022)	Loss 4.0502e+00 (4.0768e+00)	Acc@1   4.69 (  7.63)	Acc@5  26.56 ( 24.98)
Epoch: [32][200/391]	Time  0.011 ( 0.027)	Data  0.007 ( 0.021)	Loss 4.0466e+00 (4.0850e+00)	Acc@1   7.03 (  7.49)	Acc@5  25.00 ( 24.51)
Epoch: [32][300/391]	Time  0.011 ( 0.027)	Data  0.006 ( 0.021)	Loss 4.0644e+00 (4.0833e+00)	Acc@1   9.38 (  7.55)	Acc@5  26.56 ( 24.46)
Test: [ 0/79]		Time  0.143 ( 0.143)	Loss 4.0186e+00 (4.0186e+00) Acc@1  10.94 ( 10.94)	Acc@5  29.69 ( 29.69)
* Acc@1 7.600 Acc@5 24.360
Epoch: [33][  0/391]	Time  0.158 ( 0.158)	Data  0.147 ( 0.147)	Loss 4.1039e+00 (4.1039e+00)	Acc@1  12.50 ( 12.50)	Acc@5  24.22 ( 24.22)
Epoch: [33][100/391]	Time  0.005 ( 0.028)	Data  0.001 ( 0.023)	Loss 4.2557e+00 (4.1001e+00)	Acc@1   5.47 (  7.44)	Acc@5  23.44 ( 24.13)
Epoch: [33][200/391]	Time  0.014 ( 0.027)	Data  0.004 ( 0.022)	Loss 4.1610e+00 (4.0961e+00)	Acc@1   3.91 (  7.47)	Acc@5  22.66 ( 24.33)
Epoch: [33][300/391]	Time  0.010 ( 0.027)	Data  0.001 ( 0.021)	Loss 4.1441e+00 (4.0906e+00)	Acc@1   3.91 (  7.56)	Acc@5  21.88 ( 24.39)
Test: [ 0/79]		Time  0.148 ( 0.148)	Loss 4.0185e+00 (4.0185e+00) Acc@1  10.94 ( 10.94)	Acc@5  29.69 ( 29.69)
* Acc@1 7.610 Acc@5 24.370
Epoch: [34][  0/391]	Time  0.160 ( 0.160)	Data  0.145 ( 0.145)	Loss 4.0959e+00 (4.0959e+00)	Acc@1   7.03 (  7.03)	Acc@5  25.00 ( 25.00)
Epoch: [34][100/391]	Time  0.011 ( 0.028)	Data  0.006 ( 0.023)	Loss 4.0784e+00 (4.0988e+00)	Acc@1   6.25 (  7.43)	Acc@5  26.56 ( 24.19)
Epoch: [34][200/391]	Time  0.035 ( 0.028)	Data  0.031 ( 0.022)	Loss 4.2253e+00 (4.0938e+00)	Acc@1   3.91 (  7.58)	Acc@5  19.53 ( 24.44)
Epoch: [34][300/391]	Time  0.049 ( 0.028)	Data  0.044 ( 0.022)	Loss 4.1106e+00 (4.0894e+00)	Acc@1   7.03 (  7.52)	Acc@5  24.22 ( 24.40)
Test: [ 0/79]		Time  0.154 ( 0.154)	Loss 4.0184e+00 (4.0184e+00) Acc@1  10.94 ( 10.94)	Acc@5  29.69 ( 29.69)
* Acc@1 7.600 Acc@5 24.360
Epoch: [35][  0/391]	Time  0.153 ( 0.153)	Data  0.142 ( 0.142)	Loss 4.1645e+00 (4.1645e+00)	Acc@1   6.25 (  6.25)	Acc@5  24.22 ( 24.22)
Epoch: [35][100/391]	Time  0.037 ( 0.029)	Data  0.032 ( 0.023)	Loss 4.0250e+00 (4.1013e+00)	Acc@1  12.50 (  7.71)	Acc@5  27.34 ( 24.43)
Epoch: [35][200/391]	Time  0.044 ( 0.028)	Data  0.041 ( 0.022)	Loss 4.1035e+00 (4.0925e+00)	Acc@1   7.81 (  7.58)	Acc@5  21.09 ( 24.33)
Epoch: [35][300/391]	Time  0.012 ( 0.027)	Data  0.002 ( 0.021)	Loss 4.2648e+00 (4.0879e+00)	Acc@1   3.91 (  7.66)	Acc@5  18.75 ( 24.47)
Test: [ 0/79]	Time  0.156 ( 0.156)		Loss 4.0183e+00 (4.0183e+00) Acc@1  10.94 ( 10.94)	Acc@5  29.69 ( 29.69)
* Acc@1 7.610 Acc@5 24.380
Epoch: [36][  0/391]	Time  0.158 ( 0.158)	Data  0.143 ( 0.143)	Loss 4.1756e+00 (4.1756e+00)	Acc@1   4.69 (  4.69)	Acc@5  16.41 ( 16.41)
Epoch: [36][100/391]	Time  0.046 ( 0.028)	Data  0.043 ( 0.022)	Loss 4.1925e+00 (4.1068e+00)	Acc@1   6.25 (  7.43)	Acc@5  26.56 ( 23.98)
Epoch: [36][200/391]	Time  0.048 ( 0.027)	Data  0.043 ( 0.021)	Loss 4.0330e+00 (4.0948e+00)	Acc@1   5.47 (  7.55)	Acc@5  22.66 ( 24.13)
Epoch: [36][300/391]	Time  0.005 ( 0.027)	Data  0.001 ( 0.021)	Loss 4.1000e+00 (4.0903e+00)	Acc@1   7.81 (  7.48)	Acc@5  21.88 ( 24.30)
Test: [ 0/79]		Time  0.137 ( 0.137)	Loss 4.0181e+00 (4.0181e+00) Acc@1  10.94 ( 10.94)	Acc@5  29.69 ( 29.69)
* Acc@1 7.600 Acc@5 24.380
Epoch: [37][  0/391]	Time  0.155 ( 0.155)	Data  0.140 ( 0.140)	Loss 4.1583e+00 (4.1583e+00)	Acc@1   3.91 (  3.91)	Acc@5  21.88 ( 21.88)
Epoch: [37][100/391]	Time  0.045 ( 0.029)	Data  0.042 ( 0.023)	Loss 3.9632e+00 (4.0933e+00)	Acc@1  10.16 (  7.43)	Acc@5  30.47 ( 24.20)
Epoch: [37][200/391]	Time  0.011 ( 0.028)	Data  0.007 ( 0.022)	Loss 4.1209e+00 (4.0932e+00)	Acc@1  10.16 (  7.33)	Acc@5  26.56 ( 24.48)
Epoch: [37][300/391]	Time  0.049 ( 0.028)	Data  0.045 ( 0.022)	Loss 4.0003e+00 (4.0879e+00)	Acc@1  10.16 (  7.47)	Acc@5  30.47 ( 24.47)
Test: [ 0/79]		Time  0.161 ( 0.161)	Loss 4.0180e+00 (4.0180e+00) Acc@1  10.94 ( 10.94)	Acc@5  29.69 ( 29.69)
* Acc@1 7.610 Acc@5 24.380
Epoch: [38][  0/391]	Time  0.169 ( 0.169)	Data  0.154 ( 0.154)	Loss 3.9958e+00 (3.9958e+00)	Acc@1  10.94 ( 10.94)	Acc@5  29.69 ( 29.69)
Epoch: [38][100/391]	Time  0.012 ( 0.028)	Data  0.008 ( 0.022)	Loss 3.9766e+00 (4.0823e+00)	Acc@1   7.03 (  7.52)	Acc@5  30.47 ( 24.52)
Epoch: [38][200/391]	Time  0.042 ( 0.028)	Data  0.038 ( 0.022)	Loss 3.9725e+00 (4.0867e+00)	Acc@1  10.16 (  7.52)	Acc@5  30.47 ( 24.39)
Epoch: [38][300/391]	Time  0.011 ( 0.028)	Data  0.001 ( 0.022)	Loss 4.2187e+00 (4.0858e+00)	Acc@1   7.81 (  7.64)	Acc@5  22.66 ( 24.28)
Test: [ 0/79]		Time  0.154 ( 0.154)	Loss 4.0179e+00 (4.0179e+00) Acc@1  10.94 ( 10.94)	Acc@5  29.69 ( 29.69)
* Acc@1 7.620 Acc@5 24.390
Epoch: [39][  0/391]	Time  0.163 ( 0.163)	Data  0.152 ( 0.152)	Loss 4.1573e+00 (4.1573e+00)	Acc@1   7.03 (  7.03)	Acc@5  23.44 ( 23.44)
Epoch: [39][100/391]	Time  0.049 ( 0.029)	Data  0.044 ( 0.023)	Loss 4.1822e+00 (4.0844e+00)	Acc@1  10.16 (  7.88)	Acc@5  25.78 ( 24.41)
Epoch: [39][200/391]	Time  0.012 ( 0.028)	Data  0.001 ( 0.021)	Loss 4.1337e+00 (4.0762e+00)	Acc@1   5.47 (  7.76)	Acc@5  25.78 ( 24.85)
Epoch: [39][300/391]	Time  0.016 ( 0.028)	Data  0.011 ( 0.021)	Loss 4.0686e+00 (4.0794e+00)	Acc@1   7.81 (  7.59)	Acc@5  23.44 ( 24.62)
Test: [ 0/79]		Time  0.156 ( 0.156)	Loss 4.0177e+00 (4.0177e+00) Acc@1  10.94 ( 10.94)	Acc@5  29.69 ( 29.69)
* Acc@1 7.630 Acc@5 24.400
Epoch: [40][  0/391]	Time  0.170 ( 0.170)	Data  0.156 ( 0.156)	Loss 3.9480e+00 (3.9480e+00)	Acc@1   7.81 (  7.81)	Acc@5  28.91 ( 28.91)
Epoch: [40][100/391]	Time  0.048 ( 0.028)	Data  0.044 ( 0.022)	Loss 3.9011e+00 (4.0834e+00)	Acc@1   8.59 (  7.46)	Acc@5  28.91 ( 24.36)
Epoch: [40][200/391]	Time  0.009 ( 0.027)	Data  0.001 ( 0.021)	Loss 4.0186e+00 (4.0875e+00)	Acc@1   7.81 (  7.31)	Acc@5  25.78 ( 24.30)
Epoch: [40][300/391]	Time  0.046 ( 0.027)	Data  0.043 ( 0.021)	Loss 4.1555e+00 (4.0873e+00)	Acc@1   7.03 (  7.52)	Acc@5  19.53 ( 24.42)
Test: [ 0/79]		Time  0.142 ( 0.142)	Loss 4.0177e+00 (4.0177e+00) Acc@1  10.94 ( 10.94)	Acc@5  29.69 ( 29.69)
* Acc@1 7.630 Acc@5 24.400
Epoch: [41][  0/391]	Time  0.163 ( 0.163)	Data  0.154 ( 0.154)	Loss 4.0704e+00 (4.0704e+00)	Acc@1   9.38 (  9.38)	Acc@5  28.12 ( 28.12)
Epoch: [41][100/391]	Time  0.028 ( 0.029)	Data  0.024 ( 0.023)	Loss 4.0734e+00 (4.0846e+00)	Acc@1   6.25 (  7.73)	Acc@5  22.66 ( 24.54)
Epoch: [41][200/391]	Time  0.012 ( 0.028)	Data  0.008 ( 0.022)	Loss 4.1146e+00 (4.0833e+00)	Acc@1   5.47 (  7.52)	Acc@5  18.75 ( 24.55)
Epoch: [41][300/391]	Time  0.009 ( 0.027)	Data  0.005 ( 0.022)	Loss 4.0812e+00 (4.0865e+00)	Acc@1   8.59 (  7.50)	Acc@5  25.00 ( 24.36)
Test: [ 0/79]		Time  0.154 ( 0.154)	Loss 4.0177e+00 (4.0177e+00) Acc@1  10.94 ( 10.94)	Acc@5  29.69 ( 29.69)
* Acc@1 7.630 Acc@5 24.400
Epoch: [42][  0/391]	Time  0.157 ( 0.157)	Data  0.149 ( 0.149)	Loss 4.0983e+00 (4.0983e+00)	Acc@1   7.81 (  7.81)	Acc@5  20.31 ( 20.31)
Epoch: [42][100/391]	Time  0.020 ( 0.028)	Data  0.016 ( 0.022)	Loss 4.0572e+00 (4.0766e+00)	Acc@1   7.03 (  7.72)	Acc@5  22.66 ( 24.30)
Epoch: [42][200/391]	Time  0.010 ( 0.027)	Data  0.001 ( 0.022)	Loss 4.1267e+00 (4.0825e+00)	Acc@1   7.03 (  7.49)	Acc@5  22.66 ( 24.56)
Epoch: [42][300/391]	Time  0.019 ( 0.027)	Data  0.014 ( 0.022)	Loss 4.0275e+00 (4.0850e+00)	Acc@1   9.38 (  7.51)	Acc@5  25.78 ( 24.49)
Test: [ 0/79]		Time  0.134 ( 0.134)	Loss 4.0177e+00 (4.0177e+00) Acc@1  10.94 ( 10.94)	Acc@5  29.69 ( 29.69)
* Acc@1 7.630 Acc@5 24.400
Epoch: [43][  0/391]	Time  0.163 ( 0.163)	Data  0.148 ( 0.148)	Loss 4.1826e+00 (4.1826e+00)	Acc@1   5.47 (  5.47)	Acc@5  21.88 ( 21.88)
Epoch: [43][100/391]	Time  0.006 ( 0.028)	Data  0.002 ( 0.022)	Loss 4.0958e+00 (4.0940e+00)	Acc@1   6.25 (  7.39)	Acc@5  22.66 ( 24.42)
Epoch: [43][200/391]	Time  0.067 ( 0.028)	Data  0.063 ( 0.022)	Loss 4.0450e+00 (4.0878e+00)	Acc@1   9.38 (  7.46)	Acc@5  27.34 ( 24.42)
Epoch: [43][300/391]	Time  0.010 ( 0.027)	Data  0.002 ( 0.022)	Loss 4.0280e+00 (4.0874e+00)	Acc@1   8.59 (  7.45)	Acc@5  32.81 ( 24.49)
Test: [ 0/79]	Time  0.142 ( 0.142)		Loss 4.0177e+00 (4.0177e+00) Acc@1  10.94 ( 10.94)	Acc@5  29.69 ( 29.69)
* Acc@1 7.630 Acc@5 24.400
Epoch: [44][  0/391]	Time  0.165 ( 0.165)	Data  0.150 ( 0.150)	Loss 4.0314e+00 (4.0314e+00)	Acc@1   7.81 (  7.81)	Acc@5  26.56 ( 26.56)
Epoch: [44][100/391]	Time  0.046 ( 0.028)	Data  0.042 ( 0.022)	Loss 4.0256e+00 (4.0869e+00)	Acc@1  10.16 (  7.75)	Acc@5  33.59 ( 24.80)
Epoch: [44][200/391]	Time  0.011 ( 0.027)	Data  0.001 ( 0.022)	Loss 4.1057e+00 (4.0819e+00)	Acc@1   7.81 (  7.65)	Acc@5  21.88 ( 24.67)
Epoch: [44][300/391]	Time  0.043 ( 0.027)	Data  0.038 ( 0.021)	Loss 3.9476e+00 (4.0841e+00)	Acc@1   9.38 (  7.56)	Acc@5  33.59 ( 24.54)
Test: [ 0/79]		Time  0.141 ( 0.141)	Loss 4.0177e+00 (4.0177e+00) Acc@1  10.94 ( 10.94)	Acc@5  29.69 ( 29.69)
* Acc@1 7.630 Acc@5 24.400
Epoch: [45][  0/391]	Time  0.152 ( 0.152)	Data  0.143 ( 0.143)	Loss 4.2219e+00 (4.2219e+00)	Acc@1   6.25 (  6.25)	Acc@5  24.22 ( 24.22)
Epoch: [45][100/391]	Time  0.042 ( 0.028)	Data  0.037 ( 0.022)	Loss 3.9940e+00 (4.0831e+00)	Acc@1   7.81 (  7.65)	Acc@5  38.28 ( 24.55)
Epoch: [45][200/391]	Time  0.029 ( 0.027)	Data  0.025 ( 0.021)	Loss 4.0546e+00 (4.0878e+00)	Acc@1   4.69 (  7.54)	Acc@5  22.66 ( 24.48)
Epoch: [45][300/391]	Time  0.024 ( 0.027)	Data  0.020 ( 0.021)	Loss 4.1467e+00 (4.0826e+00)	Acc@1   5.47 (  7.62)	Acc@5  22.66 ( 24.64)
Test: [ 0/79]		Time  0.141 ( 0.141)	Loss 4.0177e+00 (4.0177e+00) Acc@1  10.94 ( 10.94)	Acc@5  29.69 ( 29.69)
* Acc@1 7.630 Acc@5 24.400
Epoch: [46][  0/391]	Time  0.173 ( 0.173)	Data  0.160 ( 0.160)	Loss 4.0682e+00 (4.0682e+00)	Acc@1   7.81 (  7.81)	Acc@5  27.34 ( 27.34)
Epoch: [46][100/391]	Time  0.037 ( 0.028)	Data  0.032 ( 0.022)	Loss 4.0446e+00 (4.0796e+00)	Acc@1  12.50 (  7.34)	Acc@5  27.34 ( 24.63)
Epoch: [46][200/391]	Time  0.010 ( 0.028)	Data  0.001 ( 0.021)	Loss 4.1107e+00 (4.0914e+00)	Acc@1   4.69 (  7.45)	Acc@5  19.53 ( 24.26)
Epoch: [46][300/391]	Time  0.006 ( 0.028)	Data  0.002 ( 0.022)	Loss 4.1587e+00 (4.0854e+00)	Acc@1   6.25 (  7.52)	Acc@5  18.75 ( 24.41)
Test: [ 0/79]		Time  0.153 ( 0.153)	Loss 4.0177e+00 (4.0177e+00) Acc@1  10.94 ( 10.94)	Acc@5  29.69 ( 29.69)
* Acc@1 7.630 Acc@5 24.400
Epoch: [47][  0/391]	Time  0.156 ( 0.156)	Data  0.145 ( 0.145)	Loss 4.0422e+00 (4.0422e+00)	Acc@1   8.59 (  8.59)	Acc@5  25.78 ( 25.78)
Epoch: [47][100/391]	Time  0.012 ( 0.028)	Data  0.001 ( 0.022)	Loss 4.1301e+00 (4.0745e+00)	Acc@1   6.25 (  7.38)	Acc@5  20.31 ( 24.57)
Epoch: [47][200/391]	Time  0.010 ( 0.028)	Data  0.001 ( 0.022)	Loss 3.9570e+00 (4.0845e+00)	Acc@1   7.03 (  7.51)	Acc@5  23.44 ( 24.45)
Epoch: [47][300/391]	Time  0.005 ( 0.027)	Data  0.001 ( 0.022)	Loss 4.0929e+00 (4.0875e+00)	Acc@1   7.03 (  7.47)	Acc@5  23.44 ( 24.28)
Test: [ 0/79]		Time  0.162 ( 0.162)	Loss 4.0176e+00 (4.0176e+00) Acc@1  10.94 ( 10.94)	Acc@5  29.69 ( 29.69)
* Acc@1 7.630 Acc@5 24.400
Epoch: [48][  0/391]	Time  0.164 ( 0.164)	Data  0.156 ( 0.156)	Loss 4.2157e+00 (4.2157e+00)	Acc@1  10.16 ( 10.16)	Acc@5  22.66 ( 22.66)
Epoch: [48][100/391]	Time  0.033 ( 0.030)	Data  0.029 ( 0.023)	Loss 4.1097e+00 (4.0923e+00)	Acc@1   5.47 (  7.38)	Acc@5  22.66 ( 24.27)
Epoch: [48][200/391]	Time  0.010 ( 0.029)	Data  0.001 ( 0.022)	Loss 4.1061e+00 (4.0870e+00)	Acc@1   7.81 (  7.48)	Acc@5  20.31 ( 24.44)
Epoch: [48][300/391]	Time  0.007 ( 0.028)	Data  0.001 ( 0.022)	Loss 3.9676e+00 (4.0849e+00)	Acc@1  10.94 (  7.57)	Acc@5  30.47 ( 24.45)
Test: [ 0/79]		Time  0.161 ( 0.161)	Loss 4.0176e+00 (4.0176e+00) Acc@1  10.94 ( 10.94)	Acc@5  29.69 ( 29.69)
* Acc@1 7.630 Acc@5 24.400
Epoch: [49][  0/391]	Time  0.161 ( 0.161)	Data  0.148 ( 0.148)	Loss 4.0689e+00 (4.0689e+00)	Acc@1   5.47 (  5.47)	Acc@5  20.31 ( 20.31)
Epoch: [49][100/391]	Time  0.016 ( 0.028)	Data  0.001 ( 0.022)	Loss 4.1600e+00 (4.0764e+00)	Acc@1   6.25 (  7.63)	Acc@5  26.56 ( 24.50)
Epoch: [49][200/391]	Time  0.038 ( 0.028)	Data  0.033 ( 0.022)	Loss 4.0487e+00 (4.0854e+00)	Acc@1   6.25 (  7.60)	Acc@5  20.31 ( 24.51)
Epoch: [49][300/391]	Time  0.032 ( 0.027)	Data  0.027 ( 0.022)	Loss 4.0540e+00 (4.0834e+00)	Acc@1   8.59 (  7.54)	Acc@5  27.34 ( 24.56)
Test: [ 0/79]		Time  0.150 ( 0.150)	Loss 4.0176e+00 (4.0176e+00) Acc@1  10.94 ( 10.94)	Acc@5  29.69 ( 29.69)
* Acc@1 7.630 Acc@5 24.400
Epoch: [50][  0/391]	Time  0.153 ( 0.153)	Data  0.141 ( 0.141)	Loss 4.0977e+00 (4.0977e+00)	Acc@1   8.59 (  8.59)	Acc@5  19.53 ( 19.53)
Epoch: [50][100/391]	Time  0.012 ( 0.028)	Data  0.007 ( 0.023)	Loss 4.1226e+00 (4.0748e+00)	Acc@1   4.69 (  7.71)	Acc@5  19.53 ( 24.55)
Epoch: [50][200/391]	Time  0.038 ( 0.028)	Data  0.033 ( 0.022)	Loss 4.1753e+00 (4.0887e+00)	Acc@1   5.47 (  7.42)	Acc@5  21.88 ( 24.18)
Epoch: [50][300/391]	Time  0.010 ( 0.028)	Data  0.001 ( 0.022)	Loss 4.0150e+00 (4.0896e+00)	Acc@1  12.50 (  7.50)	Acc@5  30.47 ( 24.37)
Test: [ 0/79]		Time  0.141 ( 0.141)	Loss 4.0176e+00 (4.0176e+00) Acc@1  10.94 ( 10.94)	Acc@5  29.69 ( 29.69)
* Acc@1 7.630 Acc@5 24.400
Epoch: [51][  0/391]	Time  0.166 ( 0.166)	Data  0.158 ( 0.158)	Loss 3.9812e+00 (3.9812e+00)	Acc@1  13.28 ( 13.28)	Acc@5  24.22 ( 24.22)
Epoch: [51][100/391]	Time  0.036 ( 0.028)	Data  0.031 ( 0.022)	Loss 4.3124e+00 (4.0801e+00)	Acc@1   3.91 (  7.77)	Acc@5  20.31 ( 24.78)
Epoch: [51][200/391]	Time  0.037 ( 0.028)	Data  0.033 ( 0.022)	Loss 4.2731e+00 (4.0884e+00)	Acc@1   5.47 (  7.50)	Acc@5  16.41 ( 24.58)
Epoch: [51][300/391]	Time  0.011 ( 0.027)	Data  0.001 ( 0.021)	Loss 3.9952e+00 (4.0858e+00)	Acc@1  10.16 (  7.62)	Acc@5  25.78 ( 24.54)
Test: [ 0/79]	Time  0.134 ( 0.134)		Loss 4.0176e+00 (4.0176e+00) Acc@1  10.94 ( 10.94)	Acc@5  29.69 ( 29.69)
* Acc@1 7.630 Acc@5 24.400
Epoch: [52][  0/391]	Time  0.157 ( 0.157)	Data  0.144 ( 0.144)	Loss 4.0489e+00 (4.0489e+00)	Acc@1   8.59 (  8.59)	Acc@5  29.69 ( 29.69)
Epoch: [52][100/391]	Time  0.007 ( 0.029)	Data  0.000 ( 0.023)	Loss 4.2312e+00 (4.0846e+00)	Acc@1   3.91 (  7.44)	Acc@5  20.31 ( 24.21)
Epoch: [52][200/391]	Time  0.050 ( 0.028)	Data  0.045 ( 0.022)	Loss 4.1554e+00 (4.0869e+00)	Acc@1   7.03 (  7.51)	Acc@5  23.44 ( 24.20)
Epoch: [52][300/391]	Time  0.043 ( 0.028)	Data  0.039 ( 0.022)	Loss 4.2105e+00 (4.0877e+00)	Acc@1   4.69 (  7.51)	Acc@5  14.84 ( 24.37)
Test: [ 0/79]		Time  0.147 ( 0.147)	Loss 4.0176e+00 (4.0176e+00) Acc@1  10.94 ( 10.94)	Acc@5  29.69 ( 29.69)
* Acc@1 7.630 Acc@5 24.400
Epoch: [53][  0/391]	Time  0.161 ( 0.161)	Data  0.150 ( 0.150)	Loss 3.9985e+00 (3.9985e+00)	Acc@1   7.03 (  7.03)	Acc@5  25.78 ( 25.78)
Epoch: [53][100/391]	Time  0.011 ( 0.028)	Data  0.001 ( 0.022)	Loss 4.2497e+00 (4.0906e+00)	Acc@1   7.03 (  7.54)	Acc@5  25.00 ( 24.66)
Epoch: [53][200/391]	Time  0.009 ( 0.027)	Data  0.001 ( 0.022)	Loss 4.0356e+00 (4.0900e+00)	Acc@1   3.91 (  7.57)	Acc@5  28.12 ( 24.21)
Epoch: [53][300/391]	Time  0.010 ( 0.027)	Data  0.005 ( 0.022)	Loss 4.1159e+00 (4.0862e+00)	Acc@1   6.25 (  7.52)	Acc@5  21.09 ( 24.39)
Test: [ 0/79]		Time  0.132 ( 0.132)	Loss 4.0176e+00 (4.0176e+00) Acc@1  10.94 ( 10.94)	Acc@5  29.69 ( 29.69)
* Acc@1 7.630 Acc@5 24.400
Epoch: [54][  0/391]	Time  0.172 ( 0.172)	Data  0.162 ( 0.162)	Loss 4.1915e+00 (4.1915e+00)	Acc@1   5.47 (  5.47)	Acc@5  24.22 ( 24.22)
Epoch: [54][100/391]	Time  0.035 ( 0.029)	Data  0.031 ( 0.022)	Loss 4.0554e+00 (4.0930e+00)	Acc@1   7.81 (  7.33)	Acc@5  28.91 ( 24.20)
Epoch: [54][200/391]	Time  0.005 ( 0.028)	Data  0.001 ( 0.022)	Loss 4.0910e+00 (4.0900e+00)	Acc@1   3.91 (  7.44)	Acc@5  22.66 ( 24.33)
Epoch: [54][300/391]	Time  0.039 ( 0.028)	Data  0.035 ( 0.022)	Loss 3.9444e+00 (4.0895e+00)	Acc@1   9.38 (  7.55)	Acc@5  25.78 ( 24.41)
Test: [ 0/79]		Time  0.133 ( 0.133)	Loss 4.0176e+00 (4.0176e+00) Acc@1  10.94 ( 10.94)	Acc@5  29.69 ( 29.69)
* Acc@1 7.630 Acc@5 24.400
Epoch: [55][  0/391]	Time  0.164 ( 0.164)	Data  0.148 ( 0.148)	Loss 4.2103e+00 (4.2103e+00)	Acc@1   6.25 (  6.25)	Acc@5  20.31 ( 20.31)
Epoch: [55][100/391]	Time  0.012 ( 0.028)	Data  0.008 ( 0.022)	Loss 3.9911e+00 (4.0793e+00)	Acc@1  11.72 (  7.62)	Acc@5  23.44 ( 24.92)
Epoch: [55][200/391]	Time  0.043 ( 0.027)	Data  0.038 ( 0.022)	Loss 3.9177e+00 (4.0865e+00)	Acc@1  11.72 (  7.58)	Acc@5  33.59 ( 24.49)
Epoch: [55][300/391]	Time  0.010 ( 0.027)	Data  0.001 ( 0.021)	Loss 3.9948e+00 (4.0865e+00)	Acc@1  11.72 (  7.57)	Acc@5  27.34 ( 24.42)
Test: [ 0/79]		Time  0.147 ( 0.147)	Loss 4.0176e+00 (4.0176e+00) Acc@1  10.94 ( 10.94)	Acc@5  29.69 ( 29.69)
* Acc@1 7.630 Acc@5 24.400