4.6057e+00
4.6030e+00
4.5994e+00
4.5690e+00
4.5568e+00
4.4957e+00
4.5014e+00
4.5283e+00
4.3137e+00
4.3611e+00
4.2317e+00
4.1383e+00
4.1070e+00
4.1237e+00
4.1355e+00
4.0888e+00
4.1112e+00
4.1832e+00
4.1682e+00
4.0872e+00
4.1109e+00
4.0950e+00
4.0557e+00
4.0898e+00
4.0921e+00
4.1700e+00
4.0463e+00
4.0916e+00
4.1527e+00
4.0987e+00
4.0764e+00
4.1220e+00
4.0644e+00
4.1441e+00
4.1106e+00
4.2648e+00
4.1000e+00
4.0003e+00
4.2187e+00
4.0686e+00
4.1555e+00
4.0812e+00
4.0275e+00
4.0280e+00
3.9476e+00
4.1467e+00
4.1587e+00
4.0929e+00
3.9676e+00
4.0540e+00
4.0150e+00
3.9952e+00
4.2105e+00
4.1159e+00
3.9444e+00
3.9948e+00
